C:\Users\slyus\Projects\ZenstAcademy\dist\out-tsc\app\@core\module-import-guard.js
C:\Users\slyus\Projects\ZenstAcademy\dist\out-tsc\app\@core\module-import-guard.js.map
C:\Users\slyus\Projects\ZenstAcademy\dist\out-tsc\app\@core\data\users.service.js
C:\Users\slyus\Projects\ZenstAcademy\dist\out-tsc\app\@core\data\users.service.js.map
C:\Users\slyus\Projects\ZenstAcademy\dist\out-tsc\app\@core\data\electricity.service.js
C:\Users\slyus\Projects\ZenstAcademy\dist\out-tsc\app\@core\data\electricity.service.js.map
C:\Users\slyus\Projects\ZenstAcademy\dist\out-tsc\app\@core\data\state.service.js
C:\Users\slyus\Projects\ZenstAcademy\dist\out-tsc\app\@core\data\state.service.js.map
C:\Users\slyus\Projects\ZenstAcademy\dist\out-tsc\app\@core\data\smart-table.service.js
C:\Users\slyus\Projects\ZenstAcademy\dist\out-tsc\app\@core\data\smart-table.service.js.map
C:\Users\slyus\Projects\ZenstAcademy\dist\out-tsc\app\@core\data\player.service.js
C:\Users\slyus\Projects\ZenstAcademy\dist\out-tsc\app\@core\data\player.service.js.map
C:\Users\slyus\Projects\ZenstAcademy\dist\out-tsc\app\@core\data\data.module.js
C:\Users\slyus\Projects\ZenstAcademy\dist\out-tsc\app\@core\data\data.module.js.map
C:\Users\slyus\Projects\ZenstAcademy\dist\out-tsc\app\@core\utils\analytics.service.js
C:\Users\slyus\Projects\ZenstAcademy\dist\out-tsc\app\@core\utils\analytics.service.js.map
C:\Users\slyus\Projects\ZenstAcademy\dist\out-tsc\app\@core\core.module.js
C:\Users\slyus\Projects\ZenstAcademy\dist\out-tsc\app\@core\core.module.js.map
C:\Users\slyus\Projects\ZenstAcademy\dist\out-tsc\app\app.service.js
C:\Users\slyus\Projects\ZenstAcademy\dist\out-tsc\app\app.service.js.map
C:\Users\slyus\Projects\ZenstAcademy\dist\out-tsc\app\app.component.js
C:\Users\slyus\Projects\ZenstAcademy\dist\out-tsc\app\app.component.js.map
C:\Users\slyus\Projects\ZenstAcademy\dist\out-tsc\app\app-routing.module.js
C:\Users\slyus\Projects\ZenstAcademy\dist\out-tsc\app\app-routing.module.js.map
C:\Users\slyus\Projects\ZenstAcademy\dist\out-tsc\app\@theme\components\header\header.component.js
C:\Users\slyus\Projects\ZenstAcademy\dist\out-tsc\app\@theme\components\header\header.component.js.map
C:\Users\slyus\Projects\ZenstAcademy\dist\out-tsc\app\@theme\components\footer\footer.component.js
C:\Users\slyus\Projects\ZenstAcademy\dist\out-tsc\app\@theme\components\footer\footer.component.js.map
C:\Users\slyus\Projects\ZenstAcademy\dist\out-tsc\app\@theme\components\search-input\search-input.component.js
C:\Users\slyus\Projects\ZenstAcademy\dist\out-tsc\app\@theme\components\search-input\search-input.component.js.map
C:\Users\slyus\Projects\ZenstAcademy\dist\out-tsc\app\@theme\components\tiny-mce\tiny-mce.component.js
C:\Users\slyus\Projects\ZenstAcademy\dist\out-tsc\app\@theme\components\tiny-mce\tiny-mce.component.js.map
C:\Users\slyus\Projects\ZenstAcademy\dist\out-tsc\app\@theme\components\theme-settings\theme-settings.component.js
C:\Users\slyus\Projects\ZenstAcademy\dist\out-tsc\app\@theme\components\theme-settings\theme-settings.component.js.map
C:\Users\slyus\Projects\ZenstAcademy\dist\out-tsc\app\@theme\components\theme-switcher\theme-switcher.component.js
C:\Users\slyus\Projects\ZenstAcademy\dist\out-tsc\app\@theme\components\theme-switcher\theme-switcher.component.js.map
C:\Users\slyus\Projects\ZenstAcademy\dist\out-tsc\app\@theme\components\index.js
C:\Users\slyus\Projects\ZenstAcademy\dist\out-tsc\app\@theme\components\index.js.map
C:\Users\slyus\Projects\ZenstAcademy\dist\out-tsc\app\@theme\pipes\capitalize.pipe.js
C:\Users\slyus\Projects\ZenstAcademy\dist\out-tsc\app\@theme\pipes\capitalize.pipe.js.map
C:\Users\slyus\Projects\ZenstAcademy\dist\out-tsc\app\@theme\pipes\plural.pipe.js
C:\Users\slyus\Projects\ZenstAcademy\dist\out-tsc\app\@theme\pipes\plural.pipe.js.map
C:\Users\slyus\Projects\ZenstAcademy\dist\out-tsc\app\@theme\pipes\round.pipe.js
C:\Users\slyus\Projects\ZenstAcademy\dist\out-tsc\app\@theme\pipes\round.pipe.js.map
C:\Users\slyus\Projects\ZenstAcademy\dist\out-tsc\app\@theme\pipes\timing.pipe.js
C:\Users\slyus\Projects\ZenstAcademy\dist\out-tsc\app\@theme\pipes\timing.pipe.js.map
C:\Users\slyus\Projects\ZenstAcademy\dist\out-tsc\app\@theme\pipes\index.js
C:\Users\slyus\Projects\ZenstAcademy\dist\out-tsc\app\@theme\pipes\index.js.map
C:\Users\slyus\Projects\ZenstAcademy\dist\out-tsc\app\@theme\layouts\one-column\one-column.layout.js
C:\Users\slyus\Projects\ZenstAcademy\dist\out-tsc\app\@theme\layouts\one-column\one-column.layout.js.map
C:\Users\slyus\Projects\ZenstAcademy\dist\out-tsc\app\@theme\layouts\two-columns\two-columns.layout.js
C:\Users\slyus\Projects\ZenstAcademy\dist\out-tsc\app\@theme\layouts\two-columns\two-columns.layout.js.map
C:\Users\slyus\Projects\ZenstAcademy\dist\out-tsc\app\@theme\layouts\three-columns\three-columns.layout.js
C:\Users\slyus\Projects\ZenstAcademy\dist\out-tsc\app\@theme\layouts\three-columns\three-columns.layout.js.map
C:\Users\slyus\Projects\ZenstAcademy\dist\out-tsc\app\@theme\layouts\sample\sample.layout.js
C:\Users\slyus\Projects\ZenstAcademy\dist\out-tsc\app\@theme\layouts\sample\sample.layout.js.map
C:\Users\slyus\Projects\ZenstAcademy\dist\out-tsc\app\@theme\layouts\index.js
C:\Users\slyus\Projects\ZenstAcademy\dist\out-tsc\app\@theme\layouts\index.js.map
C:\Users\slyus\Projects\ZenstAcademy\dist\out-tsc\app\@theme\styles\theme.default.js
C:\Users\slyus\Projects\ZenstAcademy\dist\out-tsc\app\@theme\styles\theme.default.js.map
C:\Users\slyus\Projects\ZenstAcademy\dist\out-tsc\app\@theme\styles\theme.cosmic.js
C:\Users\slyus\Projects\ZenstAcademy\dist\out-tsc\app\@theme\styles\theme.cosmic.js.map
C:\Users\slyus\Projects\ZenstAcademy\dist\out-tsc\app\@theme\theme.module.js
C:\Users\slyus\Projects\ZenstAcademy\dist\out-tsc\app\@theme\theme.module.js.map
C:\Users\slyus\Projects\ZenstAcademy\dist\out-tsc\app\app.module.js
C:\Users\slyus\Projects\ZenstAcademy\dist\out-tsc\app\app.module.js.map
C:\Users\slyus\Projects\ZenstAcademy\dist\out-tsc\environments\environment.js
C:\Users\slyus\Projects\ZenstAcademy\dist\out-tsc\environments\environment.js.map
C:\Users\slyus\Projects\ZenstAcademy\dist\out-tsc\main.js
C:\Users\slyus\Projects\ZenstAcademy\dist\out-tsc\main.js.map
C:\Users\slyus\Projects\ZenstAcademy\dist\out-tsc\polyfills.js
C:\Users\slyus\Projects\ZenstAcademy\dist\out-tsc\polyfills.js.map
C:\Users\slyus\Projects\ZenstAcademy\dist\out-tsc\test.js
C:\Users\slyus\Projects\ZenstAcademy\dist\out-tsc\test.js.map
C:\Users\slyus\Projects\ZenstAcademy\dist\out-tsc\environments\environment.prod.js
C:\Users\slyus\Projects\ZenstAcademy\dist\out-tsc\environments\environment.prod.js.map
C:\Users\slyus\Projects\ZenstAcademy\dist\out-tsc\app\pages\pages-menu.js
C:\Users\slyus\Projects\ZenstAcademy\dist\out-tsc\app\pages\pages-menu.js.map
C:\Users\slyus\Projects\ZenstAcademy\dist\out-tsc\app\pages\pages.component.js
C:\Users\slyus\Projects\ZenstAcademy\dist\out-tsc\app\pages\pages.component.js.map
C:\Users\slyus\Projects\ZenstAcademy\dist\out-tsc\app\pages\dashboard\dashboard.component.js
C:\Users\slyus\Projects\ZenstAcademy\dist\out-tsc\app\pages\dashboard\dashboard.component.js.map
C:\Users\slyus\Projects\ZenstAcademy\dist\out-tsc\app\pages\pages-routing.module.js
C:\Users\slyus\Projects\ZenstAcademy\dist\out-tsc\app\pages\pages-routing.module.js.map
C:\Users\slyus\Projects\ZenstAcademy\dist\out-tsc\app\pages\dashboard\status-card\status-card.component.js
C:\Users\slyus\Projects\ZenstAcademy\dist\out-tsc\app\pages\dashboard\status-card\status-card.component.js.map
C:\Users\slyus\Projects\ZenstAcademy\dist\out-tsc\app\pages\dashboard\contacts\contacts.component.js
C:\Users\slyus\Projects\ZenstAcademy\dist\out-tsc\app\pages\dashboard\contacts\contacts.component.js.map
C:\Users\slyus\Projects\ZenstAcademy\dist\out-tsc\app\pages\dashboard\rooms\rooms.component.js
C:\Users\slyus\Projects\ZenstAcademy\dist\out-tsc\app\pages\dashboard\rooms\rooms.component.js.map
C:\Users\slyus\Projects\ZenstAcademy\dist\out-tsc\app\pages\dashboard\rooms\room-selector\room-selector.component.js
C:\Users\slyus\Projects\ZenstAcademy\dist\out-tsc\app\pages\dashboard\rooms\room-selector\room-selector.component.js.map
C:\Users\slyus\Projects\ZenstAcademy\dist\out-tsc\app\pages\dashboard\temperature\temperature.component.js
C:\Users\slyus\Projects\ZenstAcademy\dist\out-tsc\app\pages\dashboard\temperature\temperature.component.js.map
C:\Users\slyus\Projects\ZenstAcademy\dist\out-tsc\app\pages\dashboard\temperature\temperature-dragger\temperature-dragger.component.js
C:\Users\slyus\Projects\ZenstAcademy\dist\out-tsc\app\pages\dashboard\temperature\temperature-dragger\temperature-dragger.component.js.map
C:\Users\slyus\Projects\ZenstAcademy\dist\out-tsc\app\pages\dashboard\team\team.component.js
C:\Users\slyus\Projects\ZenstAcademy\dist\out-tsc\app\pages\dashboard\team\team.component.js.map
C:\Users\slyus\Projects\ZenstAcademy\dist\out-tsc\app\pages\dashboard\kitten\kitten.component.js
C:\Users\slyus\Projects\ZenstAcademy\dist\out-tsc\app\pages\dashboard\kitten\kitten.component.js.map
C:\Users\slyus\Projects\ZenstAcademy\dist\out-tsc\app\pages\dashboard\security-cameras\security-cameras.component.js
C:\Users\slyus\Projects\ZenstAcademy\dist\out-tsc\app\pages\dashboard\security-cameras\security-cameras.component.js.map
C:\Users\slyus\Projects\ZenstAcademy\dist\out-tsc\app\pages\dashboard\electricity\electricity.component.js
C:\Users\slyus\Projects\ZenstAcademy\dist\out-tsc\app\pages\dashboard\electricity\electricity.component.js.map
C:\Users\slyus\Projects\ZenstAcademy\dist\out-tsc\app\pages\dashboard\electricity\electricity-chart\electricity-chart.component.js
C:\Users\slyus\Projects\ZenstAcademy\dist\out-tsc\app\pages\dashboard\electricity\electricity-chart\electricity-chart.component.js.map
C:\Users\slyus\Projects\ZenstAcademy\dist\out-tsc\app\pages\dashboard\weather\weather.component.js
C:\Users\slyus\Projects\ZenstAcademy\dist\out-tsc\app\pages\dashboard\weather\weather.component.js.map
C:\Users\slyus\Projects\ZenstAcademy\dist\out-tsc\app\pages\dashboard\solar\solar.component.js
C:\Users\slyus\Projects\ZenstAcademy\dist\out-tsc\app\pages\dashboard\solar\solar.component.js.map
C:\Users\slyus\Projects\ZenstAcademy\dist\out-tsc\app\pages\dashboard\rooms\player\player.component.js
C:\Users\slyus\Projects\ZenstAcademy\dist\out-tsc\app\pages\dashboard\rooms\player\player.component.js.map
C:\Users\slyus\Projects\ZenstAcademy\dist\out-tsc\app\pages\dashboard\traffic\traffic.component.js
C:\Users\slyus\Projects\ZenstAcademy\dist\out-tsc\app\pages\dashboard\traffic\traffic.component.js.map
C:\Users\slyus\Projects\ZenstAcademy\dist\out-tsc\app\pages\dashboard\traffic\traffic-chart.component.js
C:\Users\slyus\Projects\ZenstAcademy\dist\out-tsc\app\pages\dashboard\traffic\traffic-chart.component.js.map
C:\Users\slyus\Projects\ZenstAcademy\dist\out-tsc\app\pages\dashboard\dashboard.module.js
C:\Users\slyus\Projects\ZenstAcademy\dist\out-tsc\app\pages\dashboard\dashboard.module.js.map
C:\Users\slyus\Projects\ZenstAcademy\dist\out-tsc\app\pages\pages.module.js
C:\Users\slyus\Projects\ZenstAcademy\dist\out-tsc\app\pages\pages.module.js.map
C:\Users\slyus\Projects\ZenstAcademy\dist\out-tsc\app\pages\ui-features\ui-features.component.js
C:\Users\slyus\Projects\ZenstAcademy\dist\out-tsc\app\pages\ui-features\ui-features.component.js.map
C:\Users\slyus\Projects\ZenstAcademy\dist\out-tsc\app\pages\ui-features\buttons\buttons.component.js
C:\Users\slyus\Projects\ZenstAcademy\dist\out-tsc\app\pages\ui-features\buttons\buttons.component.js.map
C:\Users\slyus\Projects\ZenstAcademy\dist\out-tsc\app\pages\ui-features\grid\grid.component.js
C:\Users\slyus\Projects\ZenstAcademy\dist\out-tsc\app\pages\ui-features\grid\grid.component.js.map
C:\Users\slyus\Projects\ZenstAcademy\dist\out-tsc\app\pages\ui-features\icons\icons.component.js
C:\Users\slyus\Projects\ZenstAcademy\dist\out-tsc\app\pages\ui-features\icons\icons.component.js.map
C:\Users\slyus\Projects\ZenstAcademy\dist\out-tsc\app\pages\ui-features\modals\modal\modal.component.js
C:\Users\slyus\Projects\ZenstAcademy\dist\out-tsc\app\pages\ui-features\modals\modal\modal.component.js.map
C:\Users\slyus\Projects\ZenstAcademy\dist\out-tsc\app\pages\ui-features\modals\modals.component.js
C:\Users\slyus\Projects\ZenstAcademy\dist\out-tsc\app\pages\ui-features\modals\modals.component.js.map
C:\Users\slyus\Projects\ZenstAcademy\dist\out-tsc\app\pages\ui-features\typography\typography.component.js
C:\Users\slyus\Projects\ZenstAcademy\dist\out-tsc\app\pages\ui-features\typography\typography.component.js.map
C:\Users\slyus\Projects\ZenstAcademy\dist\out-tsc\app\pages\ui-features\tabs\tabs.component.js
C:\Users\slyus\Projects\ZenstAcademy\dist\out-tsc\app\pages\ui-features\tabs\tabs.component.js.map
C:\Users\slyus\Projects\ZenstAcademy\dist\out-tsc\app\pages\ui-features\search-fields\search-fields.component.js
C:\Users\slyus\Projects\ZenstAcademy\dist\out-tsc\app\pages\ui-features\search-fields\search-fields.component.js.map
C:\Users\slyus\Projects\ZenstAcademy\dist\out-tsc\app\pages\ui-features\ui-features-routing.module.js
C:\Users\slyus\Projects\ZenstAcademy\dist\out-tsc\app\pages\ui-features\ui-features-routing.module.js.map
C:\Users\slyus\Projects\ZenstAcademy\dist\out-tsc\app\pages\ui-features\buttons\default-buttons\default-buttons.component.js
C:\Users\slyus\Projects\ZenstAcademy\dist\out-tsc\app\pages\ui-features\buttons\default-buttons\default-buttons.component.js.map
C:\Users\slyus\Projects\ZenstAcademy\dist\out-tsc\app\pages\ui-features\buttons\hero-buttons\hero-buttons.component.js
C:\Users\slyus\Projects\ZenstAcademy\dist\out-tsc\app\pages\ui-features\buttons\hero-buttons\hero-buttons.component.js.map
C:\Users\slyus\Projects\ZenstAcademy\dist\out-tsc\app\pages\ui-features\buttons\shape-buttons\shape-buttons.component.js
C:\Users\slyus\Projects\ZenstAcademy\dist\out-tsc\app\pages\ui-features\buttons\shape-buttons\shape-buttons.component.js.map
C:\Users\slyus\Projects\ZenstAcademy\dist\out-tsc\app\pages\ui-features\buttons\size-buttons\size-buttons.component.js
C:\Users\slyus\Projects\ZenstAcademy\dist\out-tsc\app\pages\ui-features\buttons\size-buttons\size-buttons.component.js.map
C:\Users\slyus\Projects\ZenstAcademy\dist\out-tsc\app\pages\ui-features\buttons\action-groups\action-groups.component.js
C:\Users\slyus\Projects\ZenstAcademy\dist\out-tsc\app\pages\ui-features\buttons\action-groups\action-groups.component.js.map
C:\Users\slyus\Projects\ZenstAcademy\dist\out-tsc\app\pages\ui-features\buttons\dropdown-buttons\dropdown-button.component.js
C:\Users\slyus\Projects\ZenstAcademy\dist\out-tsc\app\pages\ui-features\buttons\dropdown-buttons\dropdown-button.component.js.map
C:\Users\slyus\Projects\ZenstAcademy\dist\out-tsc\app\pages\ui-features\buttons\block-level-buttons\block-level-buttons.component.js
C:\Users\slyus\Projects\ZenstAcademy\dist\out-tsc\app\pages\ui-features\buttons\block-level-buttons\block-level-buttons.component.js.map
C:\Users\slyus\Projects\ZenstAcademy\dist\out-tsc\app\pages\ui-features\buttons\button-groups\button-groups.component.js
C:\Users\slyus\Projects\ZenstAcademy\dist\out-tsc\app\pages\ui-features\buttons\button-groups\button-groups.component.js.map
C:\Users\slyus\Projects\ZenstAcademy\dist\out-tsc\app\pages\ui-features\buttons\icon-buttons\icon-buttons.component.js
C:\Users\slyus\Projects\ZenstAcademy\dist\out-tsc\app\pages\ui-features\buttons\icon-buttons\icon-buttons.component.js.map
C:\Users\slyus\Projects\ZenstAcademy\dist\out-tsc\app\pages\ui-features\buttons\labeled-actions-group\labeled-actions-group.component.js
C:\Users\slyus\Projects\ZenstAcademy\dist\out-tsc\app\pages\ui-features\buttons\labeled-actions-group\labeled-actions-group.component.js.map
C:\Users\slyus\Projects\ZenstAcademy\dist\out-tsc\app\pages\ui-features\buttons\buttons.module.js
C:\Users\slyus\Projects\ZenstAcademy\dist\out-tsc\app\pages\ui-features\buttons\buttons.module.js.map
C:\Users\slyus\Projects\ZenstAcademy\dist\out-tsc\app\pages\ui-features\ui-features.module.js
C:\Users\slyus\Projects\ZenstAcademy\dist\out-tsc\app\pages\ui-features\ui-features.module.js.map
C:\Users\slyus\Projects\ZenstAcademy\dist\out-tsc\app\pages\tables\tables.component.js
C:\Users\slyus\Projects\ZenstAcademy\dist\out-tsc\app\pages\tables\tables.component.js.map
C:\Users\slyus\Projects\ZenstAcademy\dist\out-tsc\app\pages\tables\smart-table\smart-table.component.js
C:\Users\slyus\Projects\ZenstAcademy\dist\out-tsc\app\pages\tables\smart-table\smart-table.component.js.map
C:\Users\slyus\Projects\ZenstAcademy\dist\out-tsc\app\pages\tables\tables-routing.module.js
C:\Users\slyus\Projects\ZenstAcademy\dist\out-tsc\app\pages\tables\tables-routing.module.js.map
C:\Users\slyus\Projects\ZenstAcademy\dist\out-tsc\app\pages\tables\tables.module.js
C:\Users\slyus\Projects\ZenstAcademy\dist\out-tsc\app\pages\tables\tables.module.js.map
C:\Users\slyus\Projects\ZenstAcademy\dist\out-tsc\app\pages\maps\maps.component.js
C:\Users\slyus\Projects\ZenstAcademy\dist\out-tsc\app\pages\maps\maps.component.js.map
C:\Users\slyus\Projects\ZenstAcademy\dist\out-tsc\app\pages\maps\gmaps\gmaps.component.js
C:\Users\slyus\Projects\ZenstAcademy\dist\out-tsc\app\pages\maps\gmaps\gmaps.component.js.map
C:\Users\slyus\Projects\ZenstAcademy\dist\out-tsc\app\pages\maps\leaflet\leaflet.component.js
C:\Users\slyus\Projects\ZenstAcademy\dist\out-tsc\app\pages\maps\leaflet\leaflet.component.js.map
C:\Users\slyus\Projects\ZenstAcademy\dist\out-tsc\app\pages\maps\bubble\bubble-map.component.js
C:\Users\slyus\Projects\ZenstAcademy\dist\out-tsc\app\pages\maps\bubble\bubble-map.component.js.map
C:\Users\slyus\Projects\ZenstAcademy\dist\out-tsc\app\pages\maps\maps-routing.module.js
C:\Users\slyus\Projects\ZenstAcademy\dist\out-tsc\app\pages\maps\maps-routing.module.js.map
C:\Users\slyus\Projects\ZenstAcademy\dist\out-tsc\app\pages\maps\maps.module.js
C:\Users\slyus\Projects\ZenstAcademy\dist\out-tsc\app\pages\maps\maps.module.js.map
C:\Users\slyus\Projects\ZenstAcademy\dist\out-tsc\app\pages\forms\forms.component.js
C:\Users\slyus\Projects\ZenstAcademy\dist\out-tsc\app\pages\forms\forms.component.js.map
C:\Users\slyus\Projects\ZenstAcademy\dist\out-tsc\app\pages\forms\form-inputs\form-inputs.component.js
C:\Users\slyus\Projects\ZenstAcademy\dist\out-tsc\app\pages\forms\form-inputs\form-inputs.component.js.map
C:\Users\slyus\Projects\ZenstAcademy\dist\out-tsc\app\pages\forms\form-layouts\form-layouts.component.js
C:\Users\slyus\Projects\ZenstAcademy\dist\out-tsc\app\pages\forms\form-layouts\form-layouts.component.js.map
C:\Users\slyus\Projects\ZenstAcademy\dist\out-tsc\app\pages\forms\forms-routing.module.js
C:\Users\slyus\Projects\ZenstAcademy\dist\out-tsc\app\pages\forms\forms-routing.module.js.map
C:\Users\slyus\Projects\ZenstAcademy\dist\out-tsc\app\pages\forms\forms.module.js
C:\Users\slyus\Projects\ZenstAcademy\dist\out-tsc\app\pages\forms\forms.module.js.map
C:\Users\slyus\Projects\ZenstAcademy\dist\out-tsc\app\pages\editors\editors.component.js
C:\Users\slyus\Projects\ZenstAcademy\dist\out-tsc\app\pages\editors\editors.component.js.map
C:\Users\slyus\Projects\ZenstAcademy\dist\out-tsc\app\pages\editors\tiny-mce\tiny-mce.component.js
C:\Users\slyus\Projects\ZenstAcademy\dist\out-tsc\app\pages\editors\tiny-mce\tiny-mce.component.js.map
C:\Users\slyus\Projects\ZenstAcademy\dist\out-tsc\app\pages\editors\ckeditor\ckeditor.loader.js
C:\Users\slyus\Projects\ZenstAcademy\dist\out-tsc\app\pages\editors\ckeditor\ckeditor.loader.js.map
C:\Users\slyus\Projects\ZenstAcademy\dist\out-tsc\app\pages\editors\ckeditor\ckeditor.component.js
C:\Users\slyus\Projects\ZenstAcademy\dist\out-tsc\app\pages\editors\ckeditor\ckeditor.component.js.map
C:\Users\slyus\Projects\ZenstAcademy\dist\out-tsc\app\pages\editors\editors-routing.module.js
C:\Users\slyus\Projects\ZenstAcademy\dist\out-tsc\app\pages\editors\editors-routing.module.js.map
C:\Users\slyus\Projects\ZenstAcademy\dist\out-tsc\app\pages\editors\editors.module.js
C:\Users\slyus\Projects\ZenstAcademy\dist\out-tsc\app\pages\editors\editors.module.js.map
C:\Users\slyus\Projects\ZenstAcademy\dist\out-tsc\app\pages\components\components.component.js
C:\Users\slyus\Projects\ZenstAcademy\dist\out-tsc\app\pages\components\components.component.js.map
C:\Users\slyus\Projects\ZenstAcademy\dist\out-tsc\app\pages\components\tree\tree.component.js
C:\Users\slyus\Projects\ZenstAcademy\dist\out-tsc\app\pages\components\tree\tree.component.js.map
C:\Users\slyus\Projects\ZenstAcademy\dist\out-tsc\app\pages\components\notifications\notifications.component.js
C:\Users\slyus\Projects\ZenstAcademy\dist\out-tsc\app\pages\components\notifications\notifications.component.js.map
C:\Users\slyus\Projects\ZenstAcademy\dist\out-tsc\app\pages\components\components-routing.module.js
C:\Users\slyus\Projects\ZenstAcademy\dist\out-tsc\app\pages\components\components-routing.module.js.map
C:\Users\slyus\Projects\ZenstAcademy\dist\out-tsc\app\pages\components\components.module.js
C:\Users\slyus\Projects\ZenstAcademy\dist\out-tsc\app\pages\components\components.module.js.map
C:\Users\slyus\Projects\ZenstAcademy\dist\out-tsc\app\pages\charts\charts.component.js
C:\Users\slyus\Projects\ZenstAcademy\dist\out-tsc\app\pages\charts\charts.component.js.map
C:\Users\slyus\Projects\ZenstAcademy\dist\out-tsc\app\pages\charts\echarts\echarts.component.js
C:\Users\slyus\Projects\ZenstAcademy\dist\out-tsc\app\pages\charts\echarts\echarts.component.js.map
C:\Users\slyus\Projects\ZenstAcademy\dist\out-tsc\app\pages\charts\d3\d3.component.js
C:\Users\slyus\Projects\ZenstAcademy\dist\out-tsc\app\pages\charts\d3\d3.component.js.map
C:\Users\slyus\Projects\ZenstAcademy\dist\out-tsc\app\pages\charts\chartjs\chartjs.component.js
C:\Users\slyus\Projects\ZenstAcademy\dist\out-tsc\app\pages\charts\chartjs\chartjs.component.js.map
C:\Users\slyus\Projects\ZenstAcademy\dist\out-tsc\app\pages\charts\charts-routing.module.js
C:\Users\slyus\Projects\ZenstAcademy\dist\out-tsc\app\pages\charts\charts-routing.module.js.map
C:\Users\slyus\Projects\ZenstAcademy\dist\out-tsc\app\pages\charts\chartjs\chartjs-bar.component.js
C:\Users\slyus\Projects\ZenstAcademy\dist\out-tsc\app\pages\charts\chartjs\chartjs-bar.component.js.map
C:\Users\slyus\Projects\ZenstAcademy\dist\out-tsc\app\pages\charts\chartjs\chartjs-line.component.js
C:\Users\slyus\Projects\ZenstAcademy\dist\out-tsc\app\pages\charts\chartjs\chartjs-line.component.js.map
C:\Users\slyus\Projects\ZenstAcademy\dist\out-tsc\app\pages\charts\chartjs\chartjs-pie.component.js
C:\Users\slyus\Projects\ZenstAcademy\dist\out-tsc\app\pages\charts\chartjs\chartjs-pie.component.js.map
C:\Users\slyus\Projects\ZenstAcademy\dist\out-tsc\app\pages\charts\chartjs\chartjs-multiple-xaxis.component.js
C:\Users\slyus\Projects\ZenstAcademy\dist\out-tsc\app\pages\charts\chartjs\chartjs-multiple-xaxis.component.js.map
C:\Users\slyus\Projects\ZenstAcademy\dist\out-tsc\app\pages\charts\chartjs\chartjs-bar-horizontal.component.js
C:\Users\slyus\Projects\ZenstAcademy\dist\out-tsc\app\pages\charts\chartjs\chartjs-bar-horizontal.component.js.map
C:\Users\slyus\Projects\ZenstAcademy\dist\out-tsc\app\pages\charts\chartjs\chartjs-radar.component.js
C:\Users\slyus\Projects\ZenstAcademy\dist\out-tsc\app\pages\charts\chartjs\chartjs-radar.component.js.map
C:\Users\slyus\Projects\ZenstAcademy\dist\out-tsc\app\pages\charts\d3\d3-bar.component.js
C:\Users\slyus\Projects\ZenstAcademy\dist\out-tsc\app\pages\charts\d3\d3-bar.component.js.map
C:\Users\slyus\Projects\ZenstAcademy\dist\out-tsc\app\pages\charts\d3\d3-line.component.js
C:\Users\slyus\Projects\ZenstAcademy\dist\out-tsc\app\pages\charts\d3\d3-line.component.js.map
C:\Users\slyus\Projects\ZenstAcademy\dist\out-tsc\app\pages\charts\d3\d3-pie.component.js
C:\Users\slyus\Projects\ZenstAcademy\dist\out-tsc\app\pages\charts\d3\d3-pie.component.js.map
C:\Users\slyus\Projects\ZenstAcademy\dist\out-tsc\app\pages\charts\d3\d3-area-stack.component.js
C:\Users\slyus\Projects\ZenstAcademy\dist\out-tsc\app\pages\charts\d3\d3-area-stack.component.js.map
C:\Users\slyus\Projects\ZenstAcademy\dist\out-tsc\app\pages\charts\d3\d3-polar.component.js
C:\Users\slyus\Projects\ZenstAcademy\dist\out-tsc\app\pages\charts\d3\d3-polar.component.js.map
C:\Users\slyus\Projects\ZenstAcademy\dist\out-tsc\app\pages\charts\d3\d3-advanced-pie.component.js
C:\Users\slyus\Projects\ZenstAcademy\dist\out-tsc\app\pages\charts\d3\d3-advanced-pie.component.js.map
C:\Users\slyus\Projects\ZenstAcademy\dist\out-tsc\app\pages\charts\echarts\echarts-line.component.js
C:\Users\slyus\Projects\ZenstAcademy\dist\out-tsc\app\pages\charts\echarts\echarts-line.component.js.map
C:\Users\slyus\Projects\ZenstAcademy\dist\out-tsc\app\pages\charts\echarts\echarts-pie.component.js
C:\Users\slyus\Projects\ZenstAcademy\dist\out-tsc\app\pages\charts\echarts\echarts-pie.component.js.map
C:\Users\slyus\Projects\ZenstAcademy\dist\out-tsc\app\pages\charts\echarts\echarts-bar.component.js
C:\Users\slyus\Projects\ZenstAcademy\dist\out-tsc\app\pages\charts\echarts\echarts-bar.component.js.map
C:\Users\slyus\Projects\ZenstAcademy\dist\out-tsc\app\pages\charts\echarts\echarts-multiple-xaxis.component.js
C:\Users\slyus\Projects\ZenstAcademy\dist\out-tsc\app\pages\charts\echarts\echarts-multiple-xaxis.component.js.map
C:\Users\slyus\Projects\ZenstAcademy\dist\out-tsc\app\pages\charts\echarts\echarts-area-stack.component.js
C:\Users\slyus\Projects\ZenstAcademy\dist\out-tsc\app\pages\charts\echarts\echarts-area-stack.component.js.map
C:\Users\slyus\Projects\ZenstAcademy\dist\out-tsc\app\pages\charts\echarts\echarts-bar-animation.component.js
C:\Users\slyus\Projects\ZenstAcademy\dist\out-tsc\app\pages\charts\echarts\echarts-bar-animation.component.js.map
C:\Users\slyus\Projects\ZenstAcademy\dist\out-tsc\app\pages\charts\echarts\echarts-radar.component.js
C:\Users\slyus\Projects\ZenstAcademy\dist\out-tsc\app\pages\charts\echarts\echarts-radar.component.js.map
C:\Users\slyus\Projects\ZenstAcademy\dist\out-tsc\app\pages\charts\charts.module.js
C:\Users\slyus\Projects\ZenstAcademy\dist\out-tsc\app\pages\charts\charts.module.js.map
